  Project 3.cpp
C:\Users\rober\Documents\GitHub\P3-v2\Project 3\Project 3\Project 3.cpp(57,49): warning C4267: 'initializing': conversion from 'size_t' to 'int', possible loss of data
C:\Users\rober\Documents\GitHub\P3-v2\Project 3\Project 3\Project 3.cpp(61,45): warning C4267: '=': conversion from 'size_t' to 'int', possible loss of data
C:\Users\rober\Documents\GitHub\P3-v2\Project 3\Project 3\Project 3.cpp(65,43): warning C4267: '=': conversion from 'size_t' to 'int', possible loss of data
C:\Users\rober\Documents\GitHub\P3-v2\Project 3\Project 3\Project 3.cpp(235,94): warning C4244: 'argument': conversion from 'T' to 'T', possible loss of data
          with
          [
              T=int
          ]
          and
          [
              T=float
          ]
C:\Users\rober\Documents\GitHub\P3-v2\Project 3\Project 3\Project 3.cpp(235,77): warning C4244: 'argument': conversion from 'T' to 'T', possible loss of data
          with
          [
              T=int
          ]
          and
          [
              T=float
          ]
C:\Users\rober\Documents\GitHub\P3-v2\Project 3\Project 3\Project 3.cpp(244,99): warning C4244: 'argument': conversion from 'T' to 'T', possible loss of data
          with
          [
              T=int
          ]
          and
          [
              T=float
          ]
C:\Users\rober\Documents\GitHub\P3-v2\Project 3\Project 3\Project 3.cpp(244,82): warning C4244: 'argument': conversion from 'T' to 'T', possible loss of data
          with
          [
              T=int
          ]
          and
          [
              T=float
          ]
C:\Users\rober\Documents\GitHub\P3-v2\Project 3\Project 3\Project 3.cpp(252,99): warning C4244: 'argument': conversion from 'T' to 'T', possible loss of data
          with
          [
              T=int
          ]
          and
          [
              T=float
          ]
C:\Users\rober\Documents\GitHub\P3-v2\Project 3\Project 3\Project 3.cpp(252,82): warning C4244: 'argument': conversion from 'T' to 'T', possible loss of data
          with
          [
              T=int
          ]
          and
          [
              T=float
          ]
C:\Users\rober\Documents\GitHub\P3-v2\Project 3\Project 3\Project 3.cpp(260,83): warning C4244: 'argument': conversion from 'T' to 'T', possible loss of data
          with
          [
              T=int
          ]
          and
          [
              T=float
          ]
C:\Users\rober\Documents\GitHub\P3-v2\Project 3\Project 3\Project 3.cpp(260,66): warning C4244: 'argument': conversion from 'T' to 'T', possible loss of data
          with
          [
              T=int
          ]
          and
          [
              T=float
          ]
C:\Users\rober\Documents\GitHub\P3-v2\Project 3\Project 3\Project 3.cpp(295,135): warning C4244: 'argument': conversion from 'T' to 'T', possible loss of data
          with
          [
              T=int
          ]
          and
          [
              T=float
          ]
C:\Users\rober\Documents\GitHub\P3-v2\Project 3\Project 3\Project 3.cpp(295,118): warning C4244: 'argument': conversion from 'T' to 'T', possible loss of data
          with
          [
              T=int
          ]
          and
          [
              T=float
          ]
  Generating code
  Previous IPDB and IOBJ mismatch, fall back to full compilation.
  All 454 functions were compiled because no usable IPDB/IOBJ from previous compilation was found.
  Finished generating code
  Project 3.vcxproj -> C:\Users\rober\Documents\GitHub\P3-v2\Project 3\x64\Release\Project 3.exe
